<?xml version="1.0" encoding="UTF-8"?>
<testsuite xmlns:xsi="http://www.w3.org/2001/XMLSchema-instance" xsi:noNamespaceSchemaLocation="https://maven.apache.org/surefire/maven-surefire-plugin/xsd/surefire-test-report-3.0.xsd" version="3.0" name="com.adobe.aem.analyser.AemAggregatorTest" time="0.459" tests="6" errors="0" skipped="0" failures="0">
  <properties>
[...]
</properties>
  <testcase name="testProductAggregates" classname="com.adobe.aem.analyser.AemAggregatorTest" time="0.098"/>
  <testcase name="testUserAggregates1" classname="com.adobe.aem.analyser.AemAggregatorTest" time="0.057">
    <system-err><![CDATA[[main] INFO com.adobe.aem.analyser.RunmodeMappingUserFeatureAggregator - For aggregate user-aggregated-author got entries [test1.all.json]
[main] INFO com.adobe.aem.analyser.RunmodeMappingUserFeatureAggregator - For aggregate user-aggregated-publish got entries [test1.all.json]
]]></system-err>
  </testcase>
  <testcase name="testUserAggregates2" classname="com.adobe.aem.analyser.AemAggregatorTest" time="0.066">
    <system-err><![CDATA[[main] INFO com.adobe.aem.analyser.RunmodeMappingUserFeatureAggregator - For aggregate user-aggregated-author got entries [test1.all.json, test1.author.json]
[main] INFO com.adobe.aem.analyser.RunmodeMappingUserFeatureAggregator - For aggregate user-aggregated-author.prod got entries [test1.all.json, test1.author.json, test1.author-prod.json]
[main] INFO com.adobe.aem.analyser.RunmodeMappingUserFeatureAggregator - For aggregate user-aggregated-publish got entries [test1.all.json]
]]></system-err>
  </testcase>
  <testcase name="testPostProcessProductFeatureNoRules" classname="com.adobe.aem.analyser.AemAggregatorTest" time="0.076"/>
  <testcase name="testPostProcessProductFeatureRules" classname="com.adobe.aem.analyser.AemAggregatorTest" time="0.029"/>
  <testcase name="testFinalAggregates" classname="com.adobe.aem.analyser.AemAggregatorTest" time="0.005"/>
</testsuite>